[2025-03-07 11:13:40,553]  WARN {cps.config_sql:364} Log path /config/calibre-web.log not valid, falling back to default
[2025-03-07 11:13:40,594]  WARN {cps.config_sql:364} Log path  not valid, falling back to default
[2025-03-07 11:13:40,599]  WARN {cps.config_sql:400} invalidating configuration
[2025-03-07 11:13:40,600]  WARN {cps.config_sql:364} Log path  not valid, falling back to default
[2025-03-07 11:13:42,211]  WARN {cps.config_sql:364} Log path  not valid, falling back to default
[2025-03-07 11:13:42,212]  WARN {cps.config_sql:400} invalidating configuration
[2025-03-07 11:13:42,213]  WARN {cps.config_sql:364} Log path  not valid, falling back to default
[2025-03-07 11:13:42,254]  INFO {cps:178} Starting Calibre Web...
[2025-03-07 11:13:42,719]  WARN {py.warnings:110} /lsiopy/lib/python3.12/site-packages/flask_limiter/extension.py:333: UserWarning: Using the in-memory storage for tracking rate limits as no storage was explicitly specified. This is not recommended for production use. See: https://flask-limiter.readthedocs.io#configuring-a-storage-backend for documentation about configuring the storage backend.
  warnings.warn(

[2025-03-07 11:13:43,020]  INFO {apscheduler.scheduler:181} Scheduler started
[2025-03-07 11:13:43,021]  INFO {apscheduler.scheduler:895} Added job "delete temp" to job store "default"
[2025-03-07 11:13:43,022]  INFO {apscheduler.scheduler:895} Added job "end scheduled task" to job store "default"
[2025-03-07 11:13:43,022]  INFO {apscheduler.scheduler:895} Added job "immediately delete temp" to job store "default"
[2025-03-07 11:13:43,023]  INFO {apscheduler.executors.default:123} Running job "immediately delete temp (trigger: date[2025-03-07 11:13:43 WITA], next run at: 2025-03-07 11:13:43 WITA)" (scheduled at 2025-03-07 11:13:43.022611+08:00)
[2025-03-07 11:13:43,023]  INFO {apscheduler.scheduler:641} Removed job 4954152316894caf91a7ca4e9a46bde1
[2025-03-07 11:13:43,053]  INFO {apscheduler.executors.default:144} Job "immediately delete temp (trigger: date[2025-03-07 11:13:43 WITA], next run at: 2025-03-07 11:13:43 WITA)" executed successfully
[2025-03-07 11:13:43,232]  INFO {cps.ub:764} github Blueprint Created
[2025-03-07 11:13:43,248]  INFO {cps.ub:764} google Blueprint Created
[2025-03-07 11:13:45,003]  INFO {cps.server:218} Starting Gevent server on [::]:8083
[2025-03-07 11:14:27,193]  INFO {cps.server:319} webserver stop (restart=False)
[2025-03-07 11:14:27,194]  INFO {apscheduler.scheduler:212} Scheduler has been shut down
[2025-03-07 11:14:27,196]  INFO {cps.server:298} Performing shutdown of Calibre-Web
[2025-03-07 11:30:03,333]  WARN {cps.config_sql:364} Log path  not valid, falling back to default
[2025-03-07 11:30:03,334]  WARN {cps.config_sql:400} invalidating configuration
[2025-03-07 11:30:03,335]  WARN {cps.config_sql:364} Log path  not valid, falling back to default
[2025-03-07 11:30:03,388]  INFO {cps:178} Starting Calibre Web...
[2025-03-07 11:30:04,071]  WARN {py.warnings:110} /lsiopy/lib/python3.12/site-packages/flask_limiter/extension.py:333: UserWarning: Using the in-memory storage for tracking rate limits as no storage was explicitly specified. This is not recommended for production use. See: https://flask-limiter.readthedocs.io#configuring-a-storage-backend for documentation about configuring the storage backend.
  warnings.warn(

[2025-03-07 11:30:04,338]  INFO {apscheduler.scheduler:181} Scheduler started
[2025-03-07 11:30:04,339]  INFO {apscheduler.scheduler:895} Added job "delete temp" to job store "default"
[2025-03-07 11:30:04,340]  INFO {apscheduler.scheduler:895} Added job "end scheduled task" to job store "default"
[2025-03-07 11:30:04,340]  INFO {apscheduler.scheduler:895} Added job "immediately delete temp" to job store "default"
[2025-03-07 11:30:04,341]  INFO {apscheduler.executors.default:123} Running job "immediately delete temp (trigger: date[2025-03-07 11:30:04 WITA], next run at: 2025-03-07 11:30:04 WITA)" (scheduled at 2025-03-07 11:30:04.340460+08:00)
[2025-03-07 11:30:04,341]  INFO {apscheduler.scheduler:641} Removed job 068065996ab540a9ab32acdc1c594fd0
[2025-03-07 11:30:04,366]  INFO {apscheduler.executors.default:144} Job "immediately delete temp (trigger: date[2025-03-07 11:30:04 WITA], next run at: 2025-03-07 11:30:04 WITA)" executed successfully
[2025-03-07 11:30:06,402]  INFO {cps.server:218} Starting Gevent server on [::]:8083
[2025-03-07 11:30:48,918] ERROR {cps.admin:1917} DB Location is not Valid, Please Enter Correct Path
[2025-03-07 11:30:48,919]  WARN {cps.config_sql:364} Log path  not valid, falling back to default
[2025-03-07 11:31:14,534]  INFO {cps.server:319} webserver stop (restart=False)
[2025-03-07 11:31:14,535]  INFO {apscheduler.scheduler:212} Scheduler has been shut down
[2025-03-07 11:31:15,540]  INFO {cps.server:298} Performing shutdown of Calibre-Web
[2025-03-07 11:31:59,346]  WARN {cps.config_sql:364} Log path  not valid, falling back to default
[2025-03-07 11:31:59,347]  WARN {cps.config_sql:400} invalidating configuration
[2025-03-07 11:31:59,348]  WARN {cps.config_sql:364} Log path  not valid, falling back to default
[2025-03-07 11:31:59,389]  INFO {cps:178} Starting Calibre Web...
[2025-03-07 11:31:59,925]  WARN {py.warnings:110} /lsiopy/lib/python3.12/site-packages/flask_limiter/extension.py:333: UserWarning: Using the in-memory storage for tracking rate limits as no storage was explicitly specified. This is not recommended for production use. See: https://flask-limiter.readthedocs.io#configuring-a-storage-backend for documentation about configuring the storage backend.
  warnings.warn(

[2025-03-07 11:32:00,170]  INFO {apscheduler.scheduler:181} Scheduler started
[2025-03-07 11:32:00,171]  INFO {apscheduler.scheduler:895} Added job "delete temp" to job store "default"
[2025-03-07 11:32:00,172]  INFO {apscheduler.scheduler:895} Added job "end scheduled task" to job store "default"
[2025-03-07 11:32:00,172]  INFO {apscheduler.scheduler:895} Added job "immediately delete temp" to job store "default"
[2025-03-07 11:32:00,173]  INFO {apscheduler.executors.default:123} Running job "immediately delete temp (trigger: date[2025-03-07 11:32:00 WITA], next run at: 2025-03-07 11:32:00 WITA)" (scheduled at 2025-03-07 11:32:00.172269+08:00)
[2025-03-07 11:32:00,173]  INFO {apscheduler.scheduler:641} Removed job 677b9a00f36f4528b7eaa47b089e628f
[2025-03-07 11:32:00,197]  INFO {apscheduler.executors.default:144} Job "immediately delete temp (trigger: date[2025-03-07 11:32:00 WITA], next run at: 2025-03-07 11:32:00 WITA)" executed successfully
[2025-03-07 11:32:02,338]  INFO {cps.server:218} Starting Gevent server on [::]:8083
[2025-03-07 11:32:05,198]  WARN {cps.config_sql:364} Log path  not valid, falling back to default
[2025-03-07 11:32:05,218]  WARN {cps.config_sql:364} Log path  not valid, falling back to default
[2025-03-07 11:32:11,289]  WARN {cps.config_sql:364} Log path  not valid, falling back to default
[2025-03-07 11:33:47,319]  WARN {cps.config_sql:364} Log path  not valid, falling back to default
[2025-03-07 11:33:47,323]  INFO {cps.server:319} webserver stop (restart=True)
[2025-03-07 11:33:47,324]  INFO {apscheduler.scheduler:212} Scheduler has been shut down
[2025-03-07 11:33:48,332]  INFO {cps.server:301} Performing restart of Calibre-Web
[2025-03-07 11:33:49,734]  WARN {cps.config_sql:364} Log path  not valid, falling back to default
[2025-03-07 11:33:49,779]  INFO {cps:178} Starting Calibre Web...
[2025-03-07 11:33:50,289]  WARN {py.warnings:110} /lsiopy/lib/python3.12/site-packages/flask_limiter/extension.py:333: UserWarning: Using the in-memory storage for tracking rate limits as no storage was explicitly specified. This is not recommended for production use. See: https://flask-limiter.readthedocs.io#configuring-a-storage-backend for documentation about configuring the storage backend.
  warnings.warn(

[2025-03-07 11:33:50,551]  INFO {apscheduler.scheduler:181} Scheduler started
[2025-03-07 11:33:50,552]  INFO {apscheduler.scheduler:895} Added job "delete temp" to job store "default"
[2025-03-07 11:33:50,553]  INFO {apscheduler.scheduler:895} Added job "end scheduled task" to job store "default"
[2025-03-07 11:33:50,553]  INFO {apscheduler.scheduler:895} Added job "immediately delete temp" to job store "default"
[2025-03-07 11:33:50,554]  INFO {apscheduler.executors.default:123} Running job "immediately delete temp (trigger: date[2025-03-07 11:33:50 WITA], next run at: 2025-03-07 11:33:50 WITA)" (scheduled at 2025-03-07 11:33:50.553587+08:00)
[2025-03-07 11:33:50,555]  INFO {apscheduler.scheduler:641} Removed job e622e6ee4e9d455082541ab55d422b80
[2025-03-07 11:33:50,580]  INFO {apscheduler.executors.default:144} Job "immediately delete temp (trigger: date[2025-03-07 11:33:50 WITA], next run at: 2025-03-07 11:33:50 WITA)" executed successfully
[2025-03-07 11:33:52,592]  INFO {cps.server:218} Starting Gevent server on [::]:8083
